[13:59:33] [main/INFO]: Logging in with username & password
[13:59:38] [main/INFO]: Setting user: Smt_Redstoner
[13:59:41] [Client thread/INFO]: LWJGL Version: 2.9.1
[13:59:51] [Client thread/INFO]: Reloading ResourceManager: Default, FMLFil[13:59:52] [Server thread/INFO]: Loading properties
[13:59:52] [Server thread/INFO]: Default game type: SURVIVAL
[13:59:52] [Server thread/INFO]: Generating keypair
[13:59:52] [Server thread/INFO]: Sta[13:59:54] [Client thread/INFO]: Created: 16x16 textures/blocks-atlas
[13:59:54] [Client thread/INFO]: Created: 16x16 textures/items-atlas
[13:59:54] [Client thread/INFO]: Reloading ResourceManager: Default, FMLFileResourcePack:Forge Mod [14:01:24] [User Authenticator #1/INFO]: UUID of player Smt_Redstoner is 47683e79-cb98-45ad-8294-197a5e2bc9fd
[14:01:24] [Server thread/INFO]: Smt_Redstoner[/127.0.0.1:55125] logged in with entity id 283 at (112.94206476568388, 43.86512829970259, -47.93156120014096)
[14:01:24] [Server thread/INFO]: Smt_Redstoner joined the game
[14:01:47] [Server thread/INFO]: <Smt_Redstoner> .
[14:17:36] [Server thread/INFO]: Smt_Redstoner lost connection: TextComponent{text='Disconnected', siblings=[], style=Style{hasParent=false, color=null, bold=null, italic=null, underlined=null, obfuscated=null, clickEvent=null, hoverEvent=null}}
[14:17:36] [Server thread/INFO]: Smt_Redstoner left the game
ulations!
[14:02:50] [Client thread/INFO]: [CHAT] [MFS] Congratulations!
[14:02:50] [Client thread/INFO]: [CHAT] [MFS] Congratulations!
[14:02:51] [Client thread/INFO]: [CHAT] [MFS] Congratulations!
[14:02:51] [Client thread/INFO]: [CHAT] [MFS] Congratulations!
[14:02:52] [Client thread/INFO]: [CHAT] [MFS] Congratulations!
[14:02:52] [Client thread/INFO]: [CHAT] [MFS] Congratulations!
[14:17:37] [Client thread/INFO]: Stopping!
