[21:53:36] [main/INFO]: Logging in with username & password
[21:53:42] [main/INFO]: Setting user: Smt_Redstoner
[21:53:4[21:53:45] [main/INFO]: Setting user: Smt_Redst[21:54:01] [Client thread/INFO]: Reloading ResourceManager: D[21:54:01] [Client thread/INFO]: Reloading ResourceManager: Default, FMLFil[21:54:06] [Server thread/INFO]: Loading properties
[21:54:06] [Server thread/INFO]: Default game type: SURVIVAL
[21:54:06] [Server thread/INFO]: Generating keypair
[21:54:06] [Server thread/INFO]: Starting Minecraft server on *:25565
[21:54:07] [Server thread/INFO]: Preparing level "world"
[21:54:07] [Server thread/INFO]: Preparing start region for level 0
[21:54:08] [Server thread/INFO]: Preparing spawn area: 87%
[21:54:08] [Server thread/INFO]: Done (1.400s)! For help, type "help" or "?"
[21:54:16] [User Authenticator #1/INFO]: UUID of player Smt_Redstoner is 47683e79-cb98-45ad-8294-197a5e2bc9fd
[21:54:16] [Server thread/INFO]: Smt_Redstoner[/127.0.0.1:52425] logged in with entity id 424 at (232.69053297225938, 75.61436063546418, 249.1434685373587)
[21:54:16] [Server thread/INFO]: Smt_Redstoner joined the game[21:54:42] [Client thread/INFO]: Stopping!
oner lost connection: TextComponent{text='Disconnected', siblings=[], style=Style{hasParent=false, color=null, bold=null, italic=null, underlined=null, obfuscated=null, clickEvent=null, hoverEvent=null}}
[21:54:41] [Server thread/INFO]: Smt_Redstoner left the game
[21:54:46] [Server thread/INFO]: Stopping the server
[21:54:46] [Server thread/INFO]: Stopping server
[21:54:46] [Server thread/INFO]: Saving players
[21:54:46] [Server thread/INFO]: Saving worlds
[21:54:46] [Server thread/INFO]: Saving chunks for level 'world'/Overworld
[21:54:46] [Server thread/INFO]: Saving chunks for level 'world'/Nether
[21:54:46] [Server thread/INFO]: Saving chunks for level 'world'/The End
