[12:52:13] [main/INFO]: Logging in with username & password
[12:52:22] [main/INFO]: Setting user: Smt_Redstoner
[12:52:23] [Client thread/INFO]: LWJGL Version: 2.9.1
[12:52:34] [Client thread/INFO]: Reloading ResourceManager: Default, FMLFileResourcePack:Forge Mod Loader, FMLFileResourcePack:Minecraft Forge, FMLFileResourcePack:Mobs For Sprucians, FMLFileResourcePack:Example Mod
[12:52:35] [Sound Library Loader/INFO]: Sound engine started
[12:52:36] [Client thread/INFO]: Created: 16x16 textures/blocks-atlas
[12:52:36] [Client thread/INFO]: Created: 16x16 textures/items-atlas
[12:52:36] [Client thread/INFO]: Reloading ResourceManager: Default, FMLFileResourcePack:Forge Mod [12:53:31] [User Authenticator #1/INFO]: UUID of player Smt_Redstoner is 47683e79-cb98-45ad-8294-197a5e2bc9fd
[12:53:31] [Server thread/INFO]: Smt_Redstoner[/127.0.0.1:59901] logged in with entity id 283 at (110.59877054469051, 42.74519157347405, -45.989157621165944)
[12:53:31] [Server thread/INFO]: Smt_Redstoner joined the game
[12:53:54] [Server thread/INFO]: Smt_Redstoner lost conn[12:53:55] [Client thread/INFO]: Stopping!
iblings=[], style=Style{hasParent=false, color=null, bold=null, italic=null, underlined=null, obfuscated=null, clickEvent=null, hoverEvent=null}}
[12:53:54] [Server thread/INFO]: Smt_Redstoner left the game
[12:55:24] [User Authenticator #2/INFO]: UUID of player Smt_Redstoner is 47683e79-cb98-45ad-8294-197a5e2bc9fd
[12:55:24] [Server thread/INFO]: Smt_Redstoner[/127.0.0.1:59962] logged in with entity id 385 at (110.59877054469051, 42.74519157347405, -45.989157621165944)
[12:55:24] [Server thread/INFO]: Smt_Redstoner joined the game
[12:55:47] [Server thread/INFO]: Smt_Redstoner lost connection: TranslatableComponent{key='disconnect.genericReason', args=[Internal Exception: java.io.IOException: 현재 연결은 원격 호스트에 의해 강제로 끊겼습니다], siblings=[], style=Style{hasParent=false, color=null, bold=null, italic=null, underlined=null, obfuscated=null, clickEvent=null, hoverEvent=null}}
[12:55:47] [Server thread/INFO]: Smt_Redstoner left the game
r Sprucians, FMLFileResourcePack:Example Mod
[12:54:39] [Client thread/INFO]: Created: 512x256 textures/blocks-atlas
[12:54:39] [Client thread/INFO]: Created: 256x256 textures/items-atlas
[12:54:40] [Sound Library Loader/INFO]: Sound engine started
[12:55:23] [Client thread/INFO]: Connecting to localhost, 25565
[12:55:47] [Client thread/FATAL]: Unreported exception thrown!
java.lang.ArrayIndexOutOfBoundsException: -1
	at com.smt.mobsforsprucians.mobs.SpawnMobs.spawnMob(SpawnMobs.java:90) ~[SpawnMobs.class:?]
	at com.smt.mobsforsprucians.blocks.Core1.onBlockActivated(Core1.java:28) ~[Core1.class:?]
	at net.minecraft.client.multiplayer.PlayerControllerMP.onPlayerRightClick(PlayerControllerMP.java:376) ~[PlayerControllerMP.class:?]
	at net.minecraft.client.Minecraft.func_147121_ag(Minecraft.java:1529) ~[Minecraft.class:?]
	at net.minecraft.client.Minecraft.runTick(Minecraft.java:2044) ~[Minecraft.class:?]
	at net.minecraft.client.Minecraft.runGameLoop(Minecraft.java:1039) ~[Minecraft.class:?]
	at net.minecraft.client.Minecraft.run(Minecraft.java:962) [Minecraft.class:?]
	at net.minecraft.client.main.Main.main(Main.java:164) [Main.class:?]
	at sun.reflect.NativeMethodAccessorImpl.invoke0(Native Method) ~[?:1.8.0_102]
	at sun.reflect.NativeMethodAccessorImpl.invoke(NativeMethodAccessorImpl.java:62) ~[?:1.8.0_102]
	at sun.reflect.DelegatingMethodAccessorImpl.invoke(DelegatingMethodAccessorImpl.java:43) ~[?:1.8.0_102]
	at java.lang.reflect.Method.invoke(Method.java:498) ~[?:1.8.0_102]
	at net.minecraft.launchwrapper.Launch.launch(Launch.java:135) [launchwrapper-1.12.jar:?]
	at net.minecraft.launchwrapper.Launch.main(Launch.java:28) [launchwrapper-1.12.jar:?]
	at net.minecraftforge.gradle.GradleStartCommon.launch(Unknown Source) [start/:?]
	at GradleStart.main(Unknown Source) [start/:?]
