[16:38:10] [main/INFO]: Logging in with username & password
[16:38:14] [main/INFO]: Setting user: Smt_Redstoner
[16:38:15] [Client thread/INFO]: LWJGL Version: 2.9.1
[16:38:23] [Client thread/INFO]: Reloading ResourceManager: Default, FMLFileResourcePack:Forge Mod Loader, FMLFileResourcePack:Minecraft Forge, FMLFileResourcePack:Mobs For Sprucians, FMLFileResourcePack:Example Mod
[16:38:24] [Sound Library Loader/INFO]: Sound engine started
[16:38:26] [Client thread/INFO]: Created: 16x16 textures/blocks-atlas
[16:38:26] [Client thread/INFO]: Created: 16x16 textures/items-atlas
[16:38:26] [Client thread/INFO]: Reloading ResourceManager: Default, FMLFileResourcePack:Forge Mod Loader, FMLFileResourcePack:Minecraft Forge, FMLFileResourcePack:Mobs For Sprucians, FMLFileResourcePack:Example Mod
[16:38:26] [Client thread/INFO]: Created: 512x256 textures/blocks-atlas
[16:38:27] [Client thread/INFO]: Created: 256x256 textures/items-atlas
[16:38:27] [Sound Library Loader/INFO]: Sound engine started
[16:38:47] [Client thread/INFO]: Connecting to localhost, 25565
[16:38:56] [Client thread/INFO]: [CHAT] Unable to summon object
[16:39:02] [Client thread/INFO]: [CHAT] Unable to summon object
[16:39:03] [Client thread/INFO]: [CHAT] Unable to summon object
[16:39:04] [Client thread/INFO]: [CHAT] Unable to summon object
[16:39:04] [Client thread/INFO]: [CHAT] Unable to summon object
[16:39:05] [Client thread/INFO]: [CHAT] Unable to summon object
[16:49:40] [Client thread/INFO]: [CHAT] [MFS] Congratulations!
[16:49:40] [Client thread/INFO]: [CHAT] [MFS] Congratulations!
[16:49:42] [Client thread/INFO]: [CHAT] [MFS] Congratulations!
[16:49:42] [Client thread/INFO]: [CHAT] [MFS] Congratulations!
[16:50:29] [Client thread/INFO]: [CHAT] Block placed
[16:51:42] [Client thread/INFO]: Reloading ResourceManager: Default, FMLFileResourcePack:Forge Mod Loader, FMLFileResourcePack:Minecraft Forge, FMLFileResourcePack:Mobs For Sprucians, FMLFileResourcePack:Example Mod
[16:51:42] [Client thread/INFO]: Created: 512x256 textures/blocks-atlas
[16:51:42] [Client thread/INFO]: Created: 256x256 textures/items-atlas
[16:51:43] [Sound Library Loader/INFO]: Sound engine started
[16:52:15] [Client thread/INFO]: [CHAT] <Smt_Redstoner> .
[16:53:16] [Client thread/INFO]: [CHAT] Unknown command. Try /help for a list of commands
[16:53:20] [Client thread/INFO]: [CHAT] Unknown command. Try /help for a list of commands
[16:53:25] [Client thread/INFO]: [CHAT] [MFS] Successfully Saved.
[16:53:43] [Client thread/INFO]: [CHAT] Block placed
[16:54:00] [Client thread/INFO]: Stopping!
h
[16:39:04] [Server thread/INFO]: [Smt_Redstoner: Unable to summon object]
[16:50:29] [Server thread/INFO]: [Smt_Redstoner: Block placed]
[16:52:15] [Server thread/INFO]: <Smt_Redstoner> .
[16:53:42] [Server thread/INFO]: [Smt_Redstoner: Block placed]
[16:53:58] [Server thread/INFO]: [Smt_Redstoner: Stopping the server]
[16:53:58] [Server thread/INFO]: Stopping server
[16:53:58] [Server thread/INFO]: Saving players
[16:53:58] [Server thread/INFO]: Saving worlds
[16:53:58] [Server thread/INFO]: Saving chunks for level 'world'/Overworld
[16:53:58] [Server thread/INFO]: Saving chunks for level 'world'/Nether
[16:53:58] [Server thread/INFO]: Saving chunks for level 'world'/The End
[16:56:18] [main/INFO]: Logging in with username & password
