[18:21:33] [main/INFO]: Logging in with username & password
[18:21:38] [main/INFO]: Setting user: Smt_Redstoner
[18:21:40] [Client thread/INFO]: LWJGL Version: 2.9.1
[18:21:51] [Client thread/INFO]: Reloading ResourceManager: Default, FMLFil[18:21:53] [Server thread/INFO]: Loading properties
[18:21:53] [Server thread/INFO]: Default game type: SURVIVAL
[18:21:53] [Server thread/INFO]: Generating keypair
[18:21:54] [Server thread/INFO]: Sta[18:21:55] [Client thread/INFO]: Created: 16x16 textures/blocks-atlas
[18:21:55] [Client thread/INFO]: Created: 16x16 textures/items-atlas
[18:21:55] [Client th[18:21:56] [Server thread/INFO]: Preparing spawn area: 22%
[18:21:56] [Server thread/INFO]: Done (2.002s)! For help, type "help" or "?"
[18:22:15] [User Authenticator #1/INFO]: UUID of player Smt_Redstoner is 47683e79-cb98-45ad-8294-197a5e2bc9fd
[18:22:15] [Server thread/INFO]: Smt_Redstoner[/127.0.0.1:54519] logged in with entity id 284 at (812.0434341200996, 72.0, -326.8339841443192)
[18:22:15] [Server thread/INFO]: Smt_Redstoner joined the game
[18:22:51] [Server thread/INFO]: Smt_Redstoner lost connection: TextComponent{text='Disconnected', siblings=[], style=Style{hasParent=false, color=null, bold=null, italic=null, underlined=null, obfuscated=null, clickEvent=null, hoverEvent=null}}
[18:22:51] [Server thread/INFO]: Smt_Redstoner left the game
rceManager.class:?]
	at net.minecraft.client.resources.SimpleReloadableResourceManager.getResource(SimpleReloadableResourceManager.java:67) ~[SimpleReloadableResourceManager.class:?]
	at net.minecraft.client.renderer.texture.SimpleTexture.loadTexture(SimpleTexture.java:35) ~[SimpleTexture.class:?]
	at net.minecraft.client.renderer.texture.TextureManager.loadTexture(TextureManager.java:89) [TextureManager.class:?]
	at net.minecraft.client.renderer.texture.TextureManager.bindTexture(TextureManager.java:45) [TextureManager.class:?]
	at net.minecraft.client.renderer.entity.Render.bindTexture(Render.java:60) [Render.class:?]
	at net.minecraft.client.renderer.entity.Render.bindEntityTexture(Render.java:55) [Render.class:?]
	at net.minecraft.client.renderer.entity.RendererLivingEntity.renderModel(RendererLivingEntity.java:305) [RendererLivingEntity.class:?]
	at net.minecraft.client.renderer.entity.RendererLivingEntity.doRender(RendererLivingEntity.java:165) [RendererLivingEntity.class:?]
	at net.minecraft.client.renderer.entity.RenderLiving.doRender(RenderLiving.java:36) [RenderLiving.class:?]
	at net.minecraft.client.renderer.entity.RenderBiped.doRender(RenderBiped.java:174) [RenderBiped.class:?]
	at com.smt.mobsforsprucians.mobs.RenderWorldBoss1.doRender(RenderWorldBoss1.java:28) [RenderWorldBoss1.class:?]
	at net.minecraft.client.renderer.entity.RenderManager.func_147939_a(RenderManager.java:300) [RenderManager.class:?]
	at net.minecraft.client.renderer.entity.RenderManager.renderEntityStatic(RenderManager.java:278) [RenderManager.class:?]
	at net.minecraft.client.renderer.entity.RenderManager.renderEntitySimple(RenderManager.java:251) [RenderManager.class:?]
	at net.minecraft.client.renderer.RenderGlobal.renderEntities(RenderGlobal.java:527) [RenderGlobal.class:?]
	at net.minecraft.client.renderer.EntityRenderer.renderWorld(EntityRenderer.java:1300) [EntityRenderer.class:?]
	at net.minecraft.client.renderer.EntityRenderer.updateCameraAndRender(EntityRenderer.java:1087) [EntityRenderer.class:?]
	at net.minecraft.client.Minecraft.runGameLoop(Minecraft.java:1067) [Minecraft.class:?]
	at net.minecraft.client.Minecraft.run(Minecraft.java:962) [Minecraft.class:?]
	at net.minecraft.client.main.Main.main(Main.java:164) [Main.class:?]
	at sun.reflect.NativeMethodAccessorImpl.invoke0(Native Method) ~[?:1.8.0_102]
	at sun.reflect.NativeMethodAccessorImpl.invoke(NativeMethodAccessorImpl.java:62) ~[?:1.8.0_102]
	at sun.reflect.DelegatingMethodAccessorImpl.invoke(DelegatingMethodAccessorImpl.java:43) ~[?:1.8.0_102]
	at java.lang.reflect.Method.invoke(Method.java:498) ~[?:1.8.0_102]
	at net.minecraft.launchwrapper.Launch.launch(Launch.java:135) [launchwrapper-1.12.jar:?]
	at net.minecraft.launchwrapper.Launch.main(Launch.java:28) [launchwrapper-1.12.jar:?]
	at net.minecraftforge.gradle.GradleStartCommon.launch(Unknown Source) [start/:?]
	at GradleStart.main(Unknown Source) [start/:?]
[18:22:51] [Client thread/INFO]: Stopping!
[18:29:25] [main/INFO]: Logging in with username & password
[18:29:32] [main/INFO]: Setting user: Smt_Redstoner
